<?xml version="1.0" encoding="UTF-8"?>
<testsuite xmlns:xsi="http://www.w3.org/2001/XMLSchema-instance" xsi:schemaLocation="https://maven.apache.org/surefire/maven-surefire-plugin/xsd/surefire-test-report.xsd" name="org.antlr.v4.test.runtime.javascript.node.TestLeftRecursion" time="20.09" tests="98" errors="0" skipped="0" failures="0">
  <properties>
    <property name="java.runtime.name" value="Java(TM) SE Runtime Environment"/>
    <property name="sun.boot.library.path" value="/Library/Java/JavaVirtualMachines/jdk1.8.0_45.jdk/Contents/Home/jre/lib"/>
    <property name="java.vm.version" value="25.45-b02"/>
    <property name="user.country.format" value="SE"/>
    <property name="gopherProxySet" value="false"/>
    <property name="java.vm.vendor" value="Oracle Corporation"/>
    <property name="maven.multiModuleProjectDirectory" value="/Users/zno/Documents/ICExpressions/antlr4"/>
    <property name="java.vendor.url" value="http://java.oracle.com/"/>
    <property name="path.separator" value=":"/>
    <property name="guice.disable.misplaced.annotation.check" value="true"/>
    <property name="java.vm.name" value="Java HotSpot(TM) 64-Bit Server VM"/>
    <property name="file.encoding.pkg" value="sun.io"/>
    <property name="user.country" value="US"/>
    <property name="sun.java.launcher" value="SUN_STANDARD"/>
    <property name="sun.os.patch.level" value="unknown"/>
    <property name="java.vm.specification.name" value="Java Virtual Machine Specification"/>
    <property name="user.dir" value="/Users/zno/Documents/ICExpressions/antlr4"/>
    <property name="java.runtime.version" value="1.8.0_45-b14"/>
    <property name="java.awt.graphicsenv" value="sun.awt.CGraphicsEnvironment"/>
    <property name="java.endorsed.dirs" value="/Library/Java/JavaVirtualMachines/jdk1.8.0_45.jdk/Contents/Home/jre/lib/endorsed"/>
    <property name="os.arch" value="x86_64"/>
    <property name="java.io.tmpdir" value="/var/folders/n5/5hvn8nl54jzcrls7syg644b00000gn/T/"/>
    <property name="line.separator" value="&#10;"/>
    <property name="java.vm.specification.vendor" value="Oracle Corporation"/>
    <property name="os.name" value="Mac OS X"/>
    <property name="classworlds.conf" value="/usr/local/Cellar/maven/3.5.4/libexec/bin/m2.conf"/>
    <property name="sun.jnu.encoding" value="UTF-8"/>
    <property name="java.library.path" value="/Users/zno/Library/Java/Extensions:/Library/Java/Extensions:/Network/Library/Java/Extensions:/System/Library/Java/Extensions:/usr/lib/java:."/>
    <property name="maven.conf" value="/usr/local/Cellar/maven/3.5.4/libexec/conf"/>
    <property name="java.specification.name" value="Java Platform API Specification"/>
    <property name="java.class.version" value="52.0"/>
    <property name="sun.management.compiler" value="HotSpot 64-Bit Tiered Compilers"/>
    <property name="os.version" value="10.13.6"/>
    <property name="library.jansi.path" value="/usr/local/Cellar/maven/3.5.4/libexec/lib/jansi-native"/>
    <property name="http.nonProxyHosts" value="local|*.local|169.254/16|*.169.254/16"/>
    <property name="user.home" value="/Users/zno"/>
    <property name="user.timezone" value="Europe/Stockholm"/>
    <property name="java.awt.printerjob" value="sun.lwawt.macosx.CPrinterJob"/>
    <property name="java.specification.version" value="1.8"/>
    <property name="file.encoding" value="UTF-8"/>
    <property name="user.name" value="zno"/>
    <property name="java.class.path" value="/usr/local/Cellar/maven/3.5.4/libexec/boot/plexus-classworlds-2.5.2.jar"/>
    <property name="java.vm.specification.version" value="1.8"/>
    <property name="sun.arch.data.model" value="64"/>
    <property name="java.home" value="/Library/Java/JavaVirtualMachines/jdk1.8.0_45.jdk/Contents/Home/jre"/>
    <property name="sun.java.command" value="org.codehaus.plexus.classworlds.launcher.Launcher install"/>
    <property name="java.specification.vendor" value="Oracle Corporation"/>
    <property name="user.language" value="en"/>
    <property name="awt.toolkit" value="sun.lwawt.macosx.LWCToolkit"/>
    <property name="java.vm.info" value="mixed mode"/>
    <property name="java.version" value="1.8.0_45"/>
    <property name="java.ext.dirs" value="/Users/zno/Library/Java/Extensions:/Library/Java/JavaVirtualMachines/jdk1.8.0_45.jdk/Contents/Home/jre/lib/ext:/Library/Java/Extensions:/Network/Library/Java/Extensions:/System/Library/Java/Extensions:/usr/lib/java"/>
    <property name="sun.boot.class.path" value="/Library/Java/JavaVirtualMachines/jdk1.8.0_45.jdk/Contents/Home/jre/lib/resources.jar:/Library/Java/JavaVirtualMachines/jdk1.8.0_45.jdk/Contents/Home/jre/lib/rt.jar:/Library/Java/JavaVirtualMachines/jdk1.8.0_45.jdk/Contents/Home/jre/lib/sunrsasign.jar:/Library/Java/JavaVirtualMachines/jdk1.8.0_45.jdk/Contents/Home/jre/lib/jsse.jar:/Library/Java/JavaVirtualMachines/jdk1.8.0_45.jdk/Contents/Home/jre/lib/jce.jar:/Library/Java/JavaVirtualMachines/jdk1.8.0_45.jdk/Contents/Home/jre/lib/charsets.jar:/Library/Java/JavaVirtualMachines/jdk1.8.0_45.jdk/Contents/Home/jre/lib/jfr.jar:/Library/Java/JavaVirtualMachines/jdk1.8.0_45.jdk/Contents/Home/jre/classes"/>
    <property name="java.vendor" value="Oracle Corporation"/>
    <property name="maven.home" value="/usr/local/Cellar/maven/3.5.4/libexec"/>
    <property name="file.separator" value="/"/>
    <property name="java.vendor.url.bug" value="http://bugreport.sun.com/bugreport/"/>
    <property name="sun.cpu.endian" value="little"/>
    <property name="sun.io.unicode.encoding" value="UnicodeBig"/>
    <property name="sun.font.fontmanager" value="sun.font.CFontManager"/>
    <property name="socksNonProxyHosts" value="local|*.local|169.254/16|*.169.254/16"/>
    <property name="ftp.nonProxyHosts" value="local|*.local|169.254/16|*.169.254/16"/>
    <property name="sun.cpu.isalist" value=""/>
  </properties>
  <testcase name="testOne[Node:WhitespaceInfluence_2]" classname="org.antlr.v4.test.runtime.javascript.node.TestLeftRecursion" time="0.229"/>
  <testcase name="testOne[Node:WhitespaceInfluence_1]" classname="org.antlr.v4.test.runtime.javascript.node.TestLeftRecursion" time="0.226"/>
  <testcase name="testOne[Node:TernaryExpr_9]" classname="org.antlr.v4.test.runtime.javascript.node.TestLeftRecursion" time="0.201"/>
  <testcase name="testOne[Node:TernaryExpr_8]" classname="org.antlr.v4.test.runtime.javascript.node.TestLeftRecursion" time="0.21"/>
  <testcase name="testOne[Node:TernaryExpr_7]" classname="org.antlr.v4.test.runtime.javascript.node.TestLeftRecursion" time="0.2"/>
  <testcase name="testOne[Node:TernaryExpr_6]" classname="org.antlr.v4.test.runtime.javascript.node.TestLeftRecursion" time="0.285"/>
  <testcase name="testOne[Node:TernaryExpr_5]" classname="org.antlr.v4.test.runtime.javascript.node.TestLeftRecursion" time="0.198"/>
  <testcase name="testOne[Node:TernaryExpr_4]" classname="org.antlr.v4.test.runtime.javascript.node.TestLeftRecursion" time="0.196"/>
  <testcase name="testOne[Node:TernaryExpr_3]" classname="org.antlr.v4.test.runtime.javascript.node.TestLeftRecursion" time="0.196"/>
  <testcase name="testOne[Node:TernaryExpr_2]" classname="org.antlr.v4.test.runtime.javascript.node.TestLeftRecursion" time="0.193"/>
  <testcase name="testOne[Node:TernaryExpr_1]" classname="org.antlr.v4.test.runtime.javascript.node.TestLeftRecursion" time="0.193"/>
  <testcase name="testOne[Node:TernaryExprExplicitAssociativity_9]" classname="org.antlr.v4.test.runtime.javascript.node.TestLeftRecursion" time="0.197"/>
  <testcase name="testOne[Node:TernaryExprExplicitAssociativity_8]" classname="org.antlr.v4.test.runtime.javascript.node.TestLeftRecursion" time="0.198"/>
  <testcase name="testOne[Node:TernaryExprExplicitAssociativity_7]" classname="org.antlr.v4.test.runtime.javascript.node.TestLeftRecursion" time="0.195"/>
  <testcase name="testOne[Node:TernaryExprExplicitAssociativity_6]" classname="org.antlr.v4.test.runtime.javascript.node.TestLeftRecursion" time="0.196"/>
  <testcase name="testOne[Node:TernaryExprExplicitAssociativity_5]" classname="org.antlr.v4.test.runtime.javascript.node.TestLeftRecursion" time="0.194"/>
  <testcase name="testOne[Node:TernaryExprExplicitAssociativity_4]" classname="org.antlr.v4.test.runtime.javascript.node.TestLeftRecursion" time="0.196"/>
  <testcase name="testOne[Node:TernaryExprExplicitAssociativity_3]" classname="org.antlr.v4.test.runtime.javascript.node.TestLeftRecursion" time="0.197"/>
  <testcase name="testOne[Node:TernaryExprExplicitAssociativity_2]" classname="org.antlr.v4.test.runtime.javascript.node.TestLeftRecursion" time="0.194"/>
  <testcase name="testOne[Node:TernaryExprExplicitAssociativity_1]" classname="org.antlr.v4.test.runtime.javascript.node.TestLeftRecursion" time="0.19"/>
  <testcase name="testOne[Node:Simple_3]" classname="org.antlr.v4.test.runtime.javascript.node.TestLeftRecursion" time="0.191"/>
  <testcase name="testOne[Node:Simple_2]" classname="org.antlr.v4.test.runtime.javascript.node.TestLeftRecursion" time="0.189"/>
  <testcase name="testOne[Node:Simple_1]" classname="org.antlr.v4.test.runtime.javascript.node.TestLeftRecursion" time="0.188"/>
  <testcase name="testOne[Node:SemPredFailOption]" classname="org.antlr.v4.test.runtime.javascript.node.TestLeftRecursion" time="0.192"/>
  <testcase name="testOne[Node:SemPred]" classname="org.antlr.v4.test.runtime.javascript.node.TestLeftRecursion" time="0.19"/>
  <testcase name="testOne[Node:ReturnValueAndActions_4]" classname="org.antlr.v4.test.runtime.javascript.node.TestLeftRecursion" time="0.207"/>
  <testcase name="testOne[Node:ReturnValueAndActions_3]" classname="org.antlr.v4.test.runtime.javascript.node.TestLeftRecursion" time="0.195"/>
  <testcase name="testOne[Node:ReturnValueAndActions_2]" classname="org.antlr.v4.test.runtime.javascript.node.TestLeftRecursion" time="0.195"/>
  <testcase name="testOne[Node:ReturnValueAndActions_1]" classname="org.antlr.v4.test.runtime.javascript.node.TestLeftRecursion" time="0.194"/>
  <testcase name="testOne[Node:ReturnValueAndActionsList2_4]" classname="org.antlr.v4.test.runtime.javascript.node.TestLeftRecursion" time="0.196"/>
  <testcase name="testOne[Node:ReturnValueAndActionsList2_3]" classname="org.antlr.v4.test.runtime.javascript.node.TestLeftRecursion" time="0.192"/>
  <testcase name="testOne[Node:ReturnValueAndActionsList2_2]" classname="org.antlr.v4.test.runtime.javascript.node.TestLeftRecursion" time="0.195"/>
  <testcase name="testOne[Node:ReturnValueAndActionsList2_1]" classname="org.antlr.v4.test.runtime.javascript.node.TestLeftRecursion" time="0.193"/>
  <testcase name="testOne[Node:ReturnValueAndActionsList1_4]" classname="org.antlr.v4.test.runtime.javascript.node.TestLeftRecursion" time="0.206"/>
  <testcase name="testOne[Node:ReturnValueAndActionsList1_3]" classname="org.antlr.v4.test.runtime.javascript.node.TestLeftRecursion" time="0.189"/>
  <testcase name="testOne[Node:ReturnValueAndActionsList1_2]" classname="org.antlr.v4.test.runtime.javascript.node.TestLeftRecursion" time="0.198"/>
  <testcase name="testOne[Node:ReturnValueAndActionsList1_1]" classname="org.antlr.v4.test.runtime.javascript.node.TestLeftRecursion" time="0.196"/>
  <testcase name="testOne[Node:ReturnValueAndActionsAndLabels_4]" classname="org.antlr.v4.test.runtime.javascript.node.TestLeftRecursion" time="0.199"/>
  <testcase name="testOne[Node:ReturnValueAndActionsAndLabels_3]" classname="org.antlr.v4.test.runtime.javascript.node.TestLeftRecursion" time="0.202"/>
  <testcase name="testOne[Node:ReturnValueAndActionsAndLabels_2]" classname="org.antlr.v4.test.runtime.javascript.node.TestLeftRecursion" time="0.2"/>
  <testcase name="testOne[Node:ReturnValueAndActionsAndLabels_1]" classname="org.antlr.v4.test.runtime.javascript.node.TestLeftRecursion" time="0.198"/>
  <testcase name="testOne[Node:PrefixOpWithActionAndLabel_3]" classname="org.antlr.v4.test.runtime.javascript.node.TestLeftRecursion" time="0.202"/>
  <testcase name="testOne[Node:PrefixOpWithActionAndLabel_2]" classname="org.antlr.v4.test.runtime.javascript.node.TestLeftRecursion" time="0.197"/>
  <testcase name="testOne[Node:PrefixOpWithActionAndLabel_1]" classname="org.antlr.v4.test.runtime.javascript.node.TestLeftRecursion" time="0.196"/>
  <testcase name="testOne[Node:PrefixAndOtherAlt_2]" classname="org.antlr.v4.test.runtime.javascript.node.TestLeftRecursion" time="0.202"/>
  <testcase name="testOne[Node:PrefixAndOtherAlt_1]" classname="org.antlr.v4.test.runtime.javascript.node.TestLeftRecursion" time="0.199"/>
  <testcase name="testOne[Node:PrecedenceFilterConsidersContext]" classname="org.antlr.v4.test.runtime.javascript.node.TestLeftRecursion" time="0.214"/>
  <testcase name="testOne[Node:MultipleAlternativesWithCommonLabel_5]" classname="org.antlr.v4.test.runtime.javascript.node.TestLeftRecursion" time="0.208"/>
  <testcase name="testOne[Node:MultipleAlternativesWithCommonLabel_4]" classname="org.antlr.v4.test.runtime.javascript.node.TestLeftRecursion" time="0.216"/>
  <testcase name="testOne[Node:MultipleAlternativesWithCommonLabel_3]" classname="org.antlr.v4.test.runtime.javascript.node.TestLeftRecursion" time="0.2"/>
  <testcase name="testOne[Node:MultipleAlternativesWithCommonLabel_2]" classname="org.antlr.v4.test.runtime.javascript.node.TestLeftRecursion" time="0.2"/>
  <testcase name="testOne[Node:MultipleAlternativesWithCommonLabel_1]" classname="org.antlr.v4.test.runtime.javascript.node.TestLeftRecursion" time="0.2"/>
  <testcase name="testOne[Node:MultipleActions_3]" classname="org.antlr.v4.test.runtime.javascript.node.TestLeftRecursion" time="0.2"/>
  <testcase name="testOne[Node:MultipleActions_2]" classname="org.antlr.v4.test.runtime.javascript.node.TestLeftRecursion" time="0.198"/>
  <testcase name="testOne[Node:MultipleActions_1]" classname="org.antlr.v4.test.runtime.javascript.node.TestLeftRecursion" time="0.217"/>
  <testcase name="testOne[Node:MultipleActionsPredicatesOptions_3]" classname="org.antlr.v4.test.runtime.javascript.node.TestLeftRecursion" time="0.208"/>
  <testcase name="testOne[Node:MultipleActionsPredicatesOptions_2]" classname="org.antlr.v4.test.runtime.javascript.node.TestLeftRecursion" time="0.201"/>
  <testcase name="testOne[Node:MultipleActionsPredicatesOptions_1]" classname="org.antlr.v4.test.runtime.javascript.node.TestLeftRecursion" time="0.197"/>
  <testcase name="testOne[Node:LabelsOnOpSubrule_3]" classname="org.antlr.v4.test.runtime.javascript.node.TestLeftRecursion" time="0.194"/>
  <testcase name="testOne[Node:LabelsOnOpSubrule_2]" classname="org.antlr.v4.test.runtime.javascript.node.TestLeftRecursion" time="0.191"/>
  <testcase name="testOne[Node:LabelsOnOpSubrule_1]" classname="org.antlr.v4.test.runtime.javascript.node.TestLeftRecursion" time="0.189"/>
  <testcase name="testOne[Node:JavaExpressions_12]" classname="org.antlr.v4.test.runtime.javascript.node.TestLeftRecursion" time="0.247"/>
  <testcase name="testOne[Node:JavaExpressions_11]" classname="org.antlr.v4.test.runtime.javascript.node.TestLeftRecursion" time="0.228"/>
  <testcase name="testOne[Node:JavaExpressions_10]" classname="org.antlr.v4.test.runtime.javascript.node.TestLeftRecursion" time="0.23"/>
  <testcase name="testOne[Node:JavaExpressions_9]" classname="org.antlr.v4.test.runtime.javascript.node.TestLeftRecursion" time="0.241"/>
  <testcase name="testOne[Node:JavaExpressions_8]" classname="org.antlr.v4.test.runtime.javascript.node.TestLeftRecursion" time="0.227"/>
  <testcase name="testOne[Node:JavaExpressions_7]" classname="org.antlr.v4.test.runtime.javascript.node.TestLeftRecursion" time="0.265"/>
  <testcase name="testOne[Node:JavaExpressions_6]" classname="org.antlr.v4.test.runtime.javascript.node.TestLeftRecursion" time="0.24"/>
  <testcase name="testOne[Node:JavaExpressions_5]" classname="org.antlr.v4.test.runtime.javascript.node.TestLeftRecursion" time="0.238"/>
  <testcase name="testOne[Node:JavaExpressions_4]" classname="org.antlr.v4.test.runtime.javascript.node.TestLeftRecursion" time="0.24"/>
  <testcase name="testOne[Node:JavaExpressions_3]" classname="org.antlr.v4.test.runtime.javascript.node.TestLeftRecursion" time="0.247"/>
  <testcase name="testOne[Node:JavaExpressions_2]" classname="org.antlr.v4.test.runtime.javascript.node.TestLeftRecursion" time="0.235"/>
  <testcase name="testOne[Node:JavaExpressions_1]" classname="org.antlr.v4.test.runtime.javascript.node.TestLeftRecursion" time="0.23"/>
  <testcase name="testOne[Node:Expressions_7]" classname="org.antlr.v4.test.runtime.javascript.node.TestLeftRecursion" time="0.198"/>
  <testcase name="testOne[Node:Expressions_6]" classname="org.antlr.v4.test.runtime.javascript.node.TestLeftRecursion" time="0.203"/>
  <testcase name="testOne[Node:Expressions_5]" classname="org.antlr.v4.test.runtime.javascript.node.TestLeftRecursion" time="0.218"/>
  <testcase name="testOne[Node:Expressions_4]" classname="org.antlr.v4.test.runtime.javascript.node.TestLeftRecursion" time="0.214"/>
  <testcase name="testOne[Node:Expressions_3]" classname="org.antlr.v4.test.runtime.javascript.node.TestLeftRecursion" time="0.198"/>
  <testcase name="testOne[Node:Expressions_2]" classname="org.antlr.v4.test.runtime.javascript.node.TestLeftRecursion" time="0.198"/>
  <testcase name="testOne[Node:Expressions_1]" classname="org.antlr.v4.test.runtime.javascript.node.TestLeftRecursion" time="0.192"/>
  <testcase name="testOne[Node:DirectCallToLeftRecursiveRule_3]" classname="org.antlr.v4.test.runtime.javascript.node.TestLeftRecursion" time="0.193"/>
  <testcase name="testOne[Node:DirectCallToLeftRecursiveRule_2]" classname="org.antlr.v4.test.runtime.javascript.node.TestLeftRecursion" time="0.195"/>
  <testcase name="testOne[Node:DirectCallToLeftRecursiveRule_1]" classname="org.antlr.v4.test.runtime.javascript.node.TestLeftRecursion" time="0.198"/>
  <testcase name="testOne[Node:Declarations_10]" classname="org.antlr.v4.test.runtime.javascript.node.TestLeftRecursion" time="0.201"/>
  <testcase name="testOne[Node:Declarations_9]" classname="org.antlr.v4.test.runtime.javascript.node.TestLeftRecursion" time="0.198"/>
  <testcase name="testOne[Node:Declarations_8]" classname="org.antlr.v4.test.runtime.javascript.node.TestLeftRecursion" time="0.198"/>
  <testcase name="testOne[Node:Declarations_7]" classname="org.antlr.v4.test.runtime.javascript.node.TestLeftRecursion" time="0.197"/>
  <testcase name="testOne[Node:Declarations_6]" classname="org.antlr.v4.test.runtime.javascript.node.TestLeftRecursion" time="0.202"/>
  <testcase name="testOne[Node:Declarations_5]" classname="org.antlr.v4.test.runtime.javascript.node.TestLeftRecursion" time="0.203"/>
  <testcase name="testOne[Node:Declarations_4]" classname="org.antlr.v4.test.runtime.javascript.node.TestLeftRecursion" time="0.214"/>
  <testcase name="testOne[Node:Declarations_3]" classname="org.antlr.v4.test.runtime.javascript.node.TestLeftRecursion" time="0.192"/>
  <testcase name="testOne[Node:Declarations_2]" classname="org.antlr.v4.test.runtime.javascript.node.TestLeftRecursion" time="0.192"/>
  <testcase name="testOne[Node:Declarations_1]" classname="org.antlr.v4.test.runtime.javascript.node.TestLeftRecursion" time="0.189"/>
  <testcase name="testOne[Node:AmbigLR_5]" classname="org.antlr.v4.test.runtime.javascript.node.TestLeftRecursion" time="0.2"/>
  <testcase name="testOne[Node:AmbigLR_4]" classname="org.antlr.v4.test.runtime.javascript.node.TestLeftRecursion" time="0.197"/>
  <testcase name="testOne[Node:AmbigLR_3]" classname="org.antlr.v4.test.runtime.javascript.node.TestLeftRecursion" time="0.2"/>
  <testcase name="testOne[Node:AmbigLR_2]" classname="org.antlr.v4.test.runtime.javascript.node.TestLeftRecursion" time="0.199"/>
  <testcase name="testOne[Node:AmbigLR_1]" classname="org.antlr.v4.test.runtime.javascript.node.TestLeftRecursion" time="0.206"/>
</testsuite>