<?xml version="1.0" encoding="UTF-8"?>
<testsuite xmlns:xsi="http://www.w3.org/2001/XMLSchema-instance" xsi:schemaLocation="https://maven.apache.org/surefire/maven-surefire-plugin/xsd/surefire-test-report.xsd" name="org.antlr.v4.test.runtime.python2.TestLeftRecursion" time="11.651" tests="98" errors="0" skipped="0" failures="0">
  <properties>
    <property name="java.runtime.name" value="Java(TM) SE Runtime Environment"/>
    <property name="sun.boot.library.path" value="/Library/Java/JavaVirtualMachines/jdk1.8.0_45.jdk/Contents/Home/jre/lib"/>
    <property name="java.vm.version" value="25.45-b02"/>
    <property name="user.country.format" value="SE"/>
    <property name="gopherProxySet" value="false"/>
    <property name="java.vm.vendor" value="Oracle Corporation"/>
    <property name="maven.multiModuleProjectDirectory" value="/Users/zno/Documents/ICExpressions/antlr4"/>
    <property name="java.vendor.url" value="http://java.oracle.com/"/>
    <property name="path.separator" value=":"/>
    <property name="guice.disable.misplaced.annotation.check" value="true"/>
    <property name="java.vm.name" value="Java HotSpot(TM) 64-Bit Server VM"/>
    <property name="file.encoding.pkg" value="sun.io"/>
    <property name="user.country" value="US"/>
    <property name="sun.java.launcher" value="SUN_STANDARD"/>
    <property name="sun.os.patch.level" value="unknown"/>
    <property name="java.vm.specification.name" value="Java Virtual Machine Specification"/>
    <property name="user.dir" value="/Users/zno/Documents/ICExpressions/antlr4"/>
    <property name="java.runtime.version" value="1.8.0_45-b14"/>
    <property name="java.awt.graphicsenv" value="sun.awt.CGraphicsEnvironment"/>
    <property name="java.endorsed.dirs" value="/Library/Java/JavaVirtualMachines/jdk1.8.0_45.jdk/Contents/Home/jre/lib/endorsed"/>
    <property name="os.arch" value="x86_64"/>
    <property name="java.io.tmpdir" value="/var/folders/n5/5hvn8nl54jzcrls7syg644b00000gn/T/"/>
    <property name="line.separator" value="&#10;"/>
    <property name="java.vm.specification.vendor" value="Oracle Corporation"/>
    <property name="os.name" value="Mac OS X"/>
    <property name="classworlds.conf" value="/usr/local/Cellar/maven/3.5.4/libexec/bin/m2.conf"/>
    <property name="sun.jnu.encoding" value="UTF-8"/>
    <property name="java.library.path" value="/Users/zno/Library/Java/Extensions:/Library/Java/Extensions:/Network/Library/Java/Extensions:/System/Library/Java/Extensions:/usr/lib/java:."/>
    <property name="maven.conf" value="/usr/local/Cellar/maven/3.5.4/libexec/conf"/>
    <property name="java.specification.name" value="Java Platform API Specification"/>
    <property name="java.class.version" value="52.0"/>
    <property name="sun.management.compiler" value="HotSpot 64-Bit Tiered Compilers"/>
    <property name="os.version" value="10.13.6"/>
    <property name="library.jansi.path" value="/usr/local/Cellar/maven/3.5.4/libexec/lib/jansi-native"/>
    <property name="http.nonProxyHosts" value="local|*.local|169.254/16|*.169.254/16"/>
    <property name="user.home" value="/Users/zno"/>
    <property name="user.timezone" value="Europe/Stockholm"/>
    <property name="java.awt.printerjob" value="sun.lwawt.macosx.CPrinterJob"/>
    <property name="java.specification.version" value="1.8"/>
    <property name="file.encoding" value="UTF-8"/>
    <property name="user.name" value="zno"/>
    <property name="java.class.path" value="/usr/local/Cellar/maven/3.5.4/libexec/boot/plexus-classworlds-2.5.2.jar"/>
    <property name="java.vm.specification.version" value="1.8"/>
    <property name="sun.arch.data.model" value="64"/>
    <property name="java.home" value="/Library/Java/JavaVirtualMachines/jdk1.8.0_45.jdk/Contents/Home/jre"/>
    <property name="sun.java.command" value="org.codehaus.plexus.classworlds.launcher.Launcher install"/>
    <property name="java.specification.vendor" value="Oracle Corporation"/>
    <property name="user.language" value="en"/>
    <property name="awt.toolkit" value="sun.lwawt.macosx.LWCToolkit"/>
    <property name="java.vm.info" value="mixed mode"/>
    <property name="java.version" value="1.8.0_45"/>
    <property name="java.ext.dirs" value="/Users/zno/Library/Java/Extensions:/Library/Java/JavaVirtualMachines/jdk1.8.0_45.jdk/Contents/Home/jre/lib/ext:/Library/Java/Extensions:/Network/Library/Java/Extensions:/System/Library/Java/Extensions:/usr/lib/java"/>
    <property name="sun.boot.class.path" value="/Library/Java/JavaVirtualMachines/jdk1.8.0_45.jdk/Contents/Home/jre/lib/resources.jar:/Library/Java/JavaVirtualMachines/jdk1.8.0_45.jdk/Contents/Home/jre/lib/rt.jar:/Library/Java/JavaVirtualMachines/jdk1.8.0_45.jdk/Contents/Home/jre/lib/sunrsasign.jar:/Library/Java/JavaVirtualMachines/jdk1.8.0_45.jdk/Contents/Home/jre/lib/jsse.jar:/Library/Java/JavaVirtualMachines/jdk1.8.0_45.jdk/Contents/Home/jre/lib/jce.jar:/Library/Java/JavaVirtualMachines/jdk1.8.0_45.jdk/Contents/Home/jre/lib/charsets.jar:/Library/Java/JavaVirtualMachines/jdk1.8.0_45.jdk/Contents/Home/jre/lib/jfr.jar:/Library/Java/JavaVirtualMachines/jdk1.8.0_45.jdk/Contents/Home/jre/classes"/>
    <property name="java.vendor" value="Oracle Corporation"/>
    <property name="maven.home" value="/usr/local/Cellar/maven/3.5.4/libexec"/>
    <property name="file.separator" value="/"/>
    <property name="java.vendor.url.bug" value="http://bugreport.sun.com/bugreport/"/>
    <property name="sun.cpu.endian" value="little"/>
    <property name="sun.io.unicode.encoding" value="UnicodeBig"/>
    <property name="sun.font.fontmanager" value="sun.font.CFontManager"/>
    <property name="socksNonProxyHosts" value="local|*.local|169.254/16|*.169.254/16"/>
    <property name="ftp.nonProxyHosts" value="local|*.local|169.254/16|*.169.254/16"/>
    <property name="sun.cpu.isalist" value=""/>
  </properties>
  <testcase name="testOne[Python2:WhitespaceInfluence_2]" classname="org.antlr.v4.test.runtime.python2.TestLeftRecursion" time="0.159"/>
  <testcase name="testOne[Python2:WhitespaceInfluence_1]" classname="org.antlr.v4.test.runtime.python2.TestLeftRecursion" time="0.151"/>
  <testcase name="testOne[Python2:TernaryExpr_9]" classname="org.antlr.v4.test.runtime.python2.TestLeftRecursion" time="0.11"/>
  <testcase name="testOne[Python2:TernaryExpr_8]" classname="org.antlr.v4.test.runtime.python2.TestLeftRecursion" time="0.11"/>
  <testcase name="testOne[Python2:TernaryExpr_7]" classname="org.antlr.v4.test.runtime.python2.TestLeftRecursion" time="0.11"/>
  <testcase name="testOne[Python2:TernaryExpr_6]" classname="org.antlr.v4.test.runtime.python2.TestLeftRecursion" time="0.11"/>
  <testcase name="testOne[Python2:TernaryExpr_5]" classname="org.antlr.v4.test.runtime.python2.TestLeftRecursion" time="0.11"/>
  <testcase name="testOne[Python2:TernaryExpr_4]" classname="org.antlr.v4.test.runtime.python2.TestLeftRecursion" time="0.108"/>
  <testcase name="testOne[Python2:TernaryExpr_3]" classname="org.antlr.v4.test.runtime.python2.TestLeftRecursion" time="0.108"/>
  <testcase name="testOne[Python2:TernaryExpr_2]" classname="org.antlr.v4.test.runtime.python2.TestLeftRecursion" time="0.108"/>
  <testcase name="testOne[Python2:TernaryExpr_1]" classname="org.antlr.v4.test.runtime.python2.TestLeftRecursion" time="0.105"/>
  <testcase name="testOne[Python2:TernaryExprExplicitAssociativity_9]" classname="org.antlr.v4.test.runtime.python2.TestLeftRecursion" time="0.11"/>
  <testcase name="testOne[Python2:TernaryExprExplicitAssociativity_8]" classname="org.antlr.v4.test.runtime.python2.TestLeftRecursion" time="0.11"/>
  <testcase name="testOne[Python2:TernaryExprExplicitAssociativity_7]" classname="org.antlr.v4.test.runtime.python2.TestLeftRecursion" time="0.109"/>
  <testcase name="testOne[Python2:TernaryExprExplicitAssociativity_6]" classname="org.antlr.v4.test.runtime.python2.TestLeftRecursion" time="0.11"/>
  <testcase name="testOne[Python2:TernaryExprExplicitAssociativity_5]" classname="org.antlr.v4.test.runtime.python2.TestLeftRecursion" time="0.108"/>
  <testcase name="testOne[Python2:TernaryExprExplicitAssociativity_4]" classname="org.antlr.v4.test.runtime.python2.TestLeftRecursion" time="0.108"/>
  <testcase name="testOne[Python2:TernaryExprExplicitAssociativity_3]" classname="org.antlr.v4.test.runtime.python2.TestLeftRecursion" time="0.111"/>
  <testcase name="testOne[Python2:TernaryExprExplicitAssociativity_2]" classname="org.antlr.v4.test.runtime.python2.TestLeftRecursion" time="0.108"/>
  <testcase name="testOne[Python2:TernaryExprExplicitAssociativity_1]" classname="org.antlr.v4.test.runtime.python2.TestLeftRecursion" time="0.106"/>
  <testcase name="testOne[Python2:Simple_3]" classname="org.antlr.v4.test.runtime.python2.TestLeftRecursion" time="0.102"/>
  <testcase name="testOne[Python2:Simple_2]" classname="org.antlr.v4.test.runtime.python2.TestLeftRecursion" time="0.101"/>
  <testcase name="testOne[Python2:Simple_1]" classname="org.antlr.v4.test.runtime.python2.TestLeftRecursion" time="0.101"/>
  <testcase name="testOne[Python2:SemPredFailOption]" classname="org.antlr.v4.test.runtime.python2.TestLeftRecursion" time="0.112"/>
  <testcase name="testOne[Python2:SemPred]" classname="org.antlr.v4.test.runtime.python2.TestLeftRecursion" time="0.105"/>
  <testcase name="testOne[Python2:ReturnValueAndActions_4]" classname="org.antlr.v4.test.runtime.python2.TestLeftRecursion" time="0.117"/>
  <testcase name="testOne[Python2:ReturnValueAndActions_3]" classname="org.antlr.v4.test.runtime.python2.TestLeftRecursion" time="0.111"/>
  <testcase name="testOne[Python2:ReturnValueAndActions_2]" classname="org.antlr.v4.test.runtime.python2.TestLeftRecursion" time="0.108"/>
  <testcase name="testOne[Python2:ReturnValueAndActions_1]" classname="org.antlr.v4.test.runtime.python2.TestLeftRecursion" time="0.108"/>
  <testcase name="testOne[Python2:ReturnValueAndActionsList2_4]" classname="org.antlr.v4.test.runtime.python2.TestLeftRecursion" time="0.112"/>
  <testcase name="testOne[Python2:ReturnValueAndActionsList2_3]" classname="org.antlr.v4.test.runtime.python2.TestLeftRecursion" time="0.108"/>
  <testcase name="testOne[Python2:ReturnValueAndActionsList2_2]" classname="org.antlr.v4.test.runtime.python2.TestLeftRecursion" time="0.113"/>
  <testcase name="testOne[Python2:ReturnValueAndActionsList2_1]" classname="org.antlr.v4.test.runtime.python2.TestLeftRecursion" time="0.109"/>
  <testcase name="testOne[Python2:ReturnValueAndActionsList1_4]" classname="org.antlr.v4.test.runtime.python2.TestLeftRecursion" time="0.116"/>
  <testcase name="testOne[Python2:ReturnValueAndActionsList1_3]" classname="org.antlr.v4.test.runtime.python2.TestLeftRecursion" time="0.106"/>
  <testcase name="testOne[Python2:ReturnValueAndActionsList1_2]" classname="org.antlr.v4.test.runtime.python2.TestLeftRecursion" time="0.113"/>
  <testcase name="testOne[Python2:ReturnValueAndActionsList1_1]" classname="org.antlr.v4.test.runtime.python2.TestLeftRecursion" time="0.112"/>
  <testcase name="testOne[Python2:ReturnValueAndActionsAndLabels_4]" classname="org.antlr.v4.test.runtime.python2.TestLeftRecursion" time="0.12"/>
  <testcase name="testOne[Python2:ReturnValueAndActionsAndLabels_3]" classname="org.antlr.v4.test.runtime.python2.TestLeftRecursion" time="0.117"/>
  <testcase name="testOne[Python2:ReturnValueAndActionsAndLabels_2]" classname="org.antlr.v4.test.runtime.python2.TestLeftRecursion" time="0.116"/>
  <testcase name="testOne[Python2:ReturnValueAndActionsAndLabels_1]" classname="org.antlr.v4.test.runtime.python2.TestLeftRecursion" time="0.113"/>
  <testcase name="testOne[Python2:PrefixOpWithActionAndLabel_3]" classname="org.antlr.v4.test.runtime.python2.TestLeftRecursion" time="0.109"/>
  <testcase name="testOne[Python2:PrefixOpWithActionAndLabel_2]" classname="org.antlr.v4.test.runtime.python2.TestLeftRecursion" time="0.109"/>
  <testcase name="testOne[Python2:PrefixOpWithActionAndLabel_1]" classname="org.antlr.v4.test.runtime.python2.TestLeftRecursion" time="0.108"/>
  <testcase name="testOne[Python2:PrefixAndOtherAlt_2]" classname="org.antlr.v4.test.runtime.python2.TestLeftRecursion" time="0.114"/>
  <testcase name="testOne[Python2:PrefixAndOtherAlt_1]" classname="org.antlr.v4.test.runtime.python2.TestLeftRecursion" time="0.11"/>
  <testcase name="testOne[Python2:PrecedenceFilterConsidersContext]" classname="org.antlr.v4.test.runtime.python2.TestLeftRecursion" time="0.107"/>
  <testcase name="testOne[Python2:MultipleAlternativesWithCommonLabel_5]" classname="org.antlr.v4.test.runtime.python2.TestLeftRecursion" time="0.118"/>
  <testcase name="testOne[Python2:MultipleAlternativesWithCommonLabel_4]" classname="org.antlr.v4.test.runtime.python2.TestLeftRecursion" time="0.12"/>
  <testcase name="testOne[Python2:MultipleAlternativesWithCommonLabel_3]" classname="org.antlr.v4.test.runtime.python2.TestLeftRecursion" time="0.119"/>
  <testcase name="testOne[Python2:MultipleAlternativesWithCommonLabel_2]" classname="org.antlr.v4.test.runtime.python2.TestLeftRecursion" time="0.12"/>
  <testcase name="testOne[Python2:MultipleAlternativesWithCommonLabel_1]" classname="org.antlr.v4.test.runtime.python2.TestLeftRecursion" time="0.121"/>
  <testcase name="testOne[Python2:MultipleActions_3]" classname="org.antlr.v4.test.runtime.python2.TestLeftRecursion" time="0.11"/>
  <testcase name="testOne[Python2:MultipleActions_2]" classname="org.antlr.v4.test.runtime.python2.TestLeftRecursion" time="0.112"/>
  <testcase name="testOne[Python2:MultipleActions_1]" classname="org.antlr.v4.test.runtime.python2.TestLeftRecursion" time="0.115"/>
  <testcase name="testOne[Python2:MultipleActionsPredicatesOptions_3]" classname="org.antlr.v4.test.runtime.python2.TestLeftRecursion" time="0.12"/>
  <testcase name="testOne[Python2:MultipleActionsPredicatesOptions_2]" classname="org.antlr.v4.test.runtime.python2.TestLeftRecursion" time="0.117"/>
  <testcase name="testOne[Python2:MultipleActionsPredicatesOptions_1]" classname="org.antlr.v4.test.runtime.python2.TestLeftRecursion" time="0.121"/>
  <testcase name="testOne[Python2:LabelsOnOpSubrule_3]" classname="org.antlr.v4.test.runtime.python2.TestLeftRecursion" time="0.113"/>
  <testcase name="testOne[Python2:LabelsOnOpSubrule_2]" classname="org.antlr.v4.test.runtime.python2.TestLeftRecursion" time="0.107"/>
  <testcase name="testOne[Python2:LabelsOnOpSubrule_1]" classname="org.antlr.v4.test.runtime.python2.TestLeftRecursion" time="0.106"/>
  <testcase name="testOne[Python2:JavaExpressions_12]" classname="org.antlr.v4.test.runtime.python2.TestLeftRecursion" time="0.184"/>
  <testcase name="testOne[Python2:JavaExpressions_11]" classname="org.antlr.v4.test.runtime.python2.TestLeftRecursion" time="0.159"/>
  <testcase name="testOne[Python2:JavaExpressions_10]" classname="org.antlr.v4.test.runtime.python2.TestLeftRecursion" time="0.168"/>
  <testcase name="testOne[Python2:JavaExpressions_9]" classname="org.antlr.v4.test.runtime.python2.TestLeftRecursion" time="0.171"/>
  <testcase name="testOne[Python2:JavaExpressions_8]" classname="org.antlr.v4.test.runtime.python2.TestLeftRecursion" time="0.154"/>
  <testcase name="testOne[Python2:JavaExpressions_7]" classname="org.antlr.v4.test.runtime.python2.TestLeftRecursion" time="0.164"/>
  <testcase name="testOne[Python2:JavaExpressions_6]" classname="org.antlr.v4.test.runtime.python2.TestLeftRecursion" time="0.166"/>
  <testcase name="testOne[Python2:JavaExpressions_5]" classname="org.antlr.v4.test.runtime.python2.TestLeftRecursion" time="0.162"/>
  <testcase name="testOne[Python2:JavaExpressions_4]" classname="org.antlr.v4.test.runtime.python2.TestLeftRecursion" time="0.163"/>
  <testcase name="testOne[Python2:JavaExpressions_3]" classname="org.antlr.v4.test.runtime.python2.TestLeftRecursion" time="0.161"/>
  <testcase name="testOne[Python2:JavaExpressions_2]" classname="org.antlr.v4.test.runtime.python2.TestLeftRecursion" time="0.177"/>
  <testcase name="testOne[Python2:JavaExpressions_1]" classname="org.antlr.v4.test.runtime.python2.TestLeftRecursion" time="0.18"/>
  <testcase name="testOne[Python2:Expressions_7]" classname="org.antlr.v4.test.runtime.python2.TestLeftRecursion" time="0.111"/>
  <testcase name="testOne[Python2:Expressions_6]" classname="org.antlr.v4.test.runtime.python2.TestLeftRecursion" time="0.117"/>
  <testcase name="testOne[Python2:Expressions_5]" classname="org.antlr.v4.test.runtime.python2.TestLeftRecursion" time="0.114"/>
  <testcase name="testOne[Python2:Expressions_4]" classname="org.antlr.v4.test.runtime.python2.TestLeftRecursion" time="0.114"/>
  <testcase name="testOne[Python2:Expressions_3]" classname="org.antlr.v4.test.runtime.python2.TestLeftRecursion" time="0.112"/>
  <testcase name="testOne[Python2:Expressions_2]" classname="org.antlr.v4.test.runtime.python2.TestLeftRecursion" time="0.122"/>
  <testcase name="testOne[Python2:Expressions_1]" classname="org.antlr.v4.test.runtime.python2.TestLeftRecursion" time="0.109"/>
  <testcase name="testOne[Python2:DirectCallToLeftRecursiveRule_3]" classname="org.antlr.v4.test.runtime.python2.TestLeftRecursion" time="0.1"/>
  <testcase name="testOne[Python2:DirectCallToLeftRecursiveRule_2]" classname="org.antlr.v4.test.runtime.python2.TestLeftRecursion" time="0.101"/>
  <testcase name="testOne[Python2:DirectCallToLeftRecursiveRule_1]" classname="org.antlr.v4.test.runtime.python2.TestLeftRecursion" time="0.1"/>
  <testcase name="testOne[Python2:Declarations_10]" classname="org.antlr.v4.test.runtime.python2.TestLeftRecursion" time="0.11"/>
  <testcase name="testOne[Python2:Declarations_9]" classname="org.antlr.v4.test.runtime.python2.TestLeftRecursion" time="0.109"/>
  <testcase name="testOne[Python2:Declarations_8]" classname="org.antlr.v4.test.runtime.python2.TestLeftRecursion" time="0.109"/>
  <testcase name="testOne[Python2:Declarations_7]" classname="org.antlr.v4.test.runtime.python2.TestLeftRecursion" time="0.109"/>
  <testcase name="testOne[Python2:Declarations_6]" classname="org.antlr.v4.test.runtime.python2.TestLeftRecursion" time="0.107"/>
  <testcase name="testOne[Python2:Declarations_5]" classname="org.antlr.v4.test.runtime.python2.TestLeftRecursion" time="0.107"/>
  <testcase name="testOne[Python2:Declarations_4]" classname="org.antlr.v4.test.runtime.python2.TestLeftRecursion" time="0.109"/>
  <testcase name="testOne[Python2:Declarations_3]" classname="org.antlr.v4.test.runtime.python2.TestLeftRecursion" time="0.112"/>
  <testcase name="testOne[Python2:Declarations_2]" classname="org.antlr.v4.test.runtime.python2.TestLeftRecursion" time="0.106"/>
  <testcase name="testOne[Python2:Declarations_1]" classname="org.antlr.v4.test.runtime.python2.TestLeftRecursion" time="0.114"/>
  <testcase name="testOne[Python2:AmbigLR_5]" classname="org.antlr.v4.test.runtime.python2.TestLeftRecursion" time="0.116"/>
  <testcase name="testOne[Python2:AmbigLR_4]" classname="org.antlr.v4.test.runtime.python2.TestLeftRecursion" time="0.119"/>
  <testcase name="testOne[Python2:AmbigLR_3]" classname="org.antlr.v4.test.runtime.python2.TestLeftRecursion" time="0.114"/>
  <testcase name="testOne[Python2:AmbigLR_2]" classname="org.antlr.v4.test.runtime.python2.TestLeftRecursion" time="0.113"/>
  <testcase name="testOne[Python2:AmbigLR_1]" classname="org.antlr.v4.test.runtime.python2.TestLeftRecursion" time="0.112"/>
</testsuite>