<?xml version="1.0" encoding="UTF-8"?>
<testsuite xmlns:xsi="http://www.w3.org/2001/XMLSchema-instance" xsi:schemaLocation="https://maven.apache.org/surefire/maven-surefire-plugin/xsd/surefire-test-report.xsd" name="org.antlr.v4.test.runtime.go.TestSets" time="25.279" tests="32" errors="0" skipped="0" failures="0">
  <properties>
    <property name="java.runtime.name" value="Java(TM) SE Runtime Environment"/>
    <property name="sun.boot.library.path" value="/Library/Java/JavaVirtualMachines/jdk1.8.0_45.jdk/Contents/Home/jre/lib"/>
    <property name="java.vm.version" value="25.45-b02"/>
    <property name="user.country.format" value="SE"/>
    <property name="gopherProxySet" value="false"/>
    <property name="java.vm.vendor" value="Oracle Corporation"/>
    <property name="maven.multiModuleProjectDirectory" value="/Users/zno/Documents/ICExpressions/antlr4"/>
    <property name="java.vendor.url" value="http://java.oracle.com/"/>
    <property name="path.separator" value=":"/>
    <property name="guice.disable.misplaced.annotation.check" value="true"/>
    <property name="java.vm.name" value="Java HotSpot(TM) 64-Bit Server VM"/>
    <property name="file.encoding.pkg" value="sun.io"/>
    <property name="user.country" value="US"/>
    <property name="sun.java.launcher" value="SUN_STANDARD"/>
    <property name="sun.os.patch.level" value="unknown"/>
    <property name="java.vm.specification.name" value="Java Virtual Machine Specification"/>
    <property name="user.dir" value="/Users/zno/Documents/ICExpressions/antlr4"/>
    <property name="java.runtime.version" value="1.8.0_45-b14"/>
    <property name="java.awt.graphicsenv" value="sun.awt.CGraphicsEnvironment"/>
    <property name="java.endorsed.dirs" value="/Library/Java/JavaVirtualMachines/jdk1.8.0_45.jdk/Contents/Home/jre/lib/endorsed"/>
    <property name="os.arch" value="x86_64"/>
    <property name="java.io.tmpdir" value="/var/folders/n5/5hvn8nl54jzcrls7syg644b00000gn/T/"/>
    <property name="line.separator" value="&#10;"/>
    <property name="java.vm.specification.vendor" value="Oracle Corporation"/>
    <property name="os.name" value="Mac OS X"/>
    <property name="classworlds.conf" value="/usr/local/Cellar/maven/3.5.4/libexec/bin/m2.conf"/>
    <property name="sun.jnu.encoding" value="UTF-8"/>
    <property name="java.library.path" value="/Users/zno/Library/Java/Extensions:/Library/Java/Extensions:/Network/Library/Java/Extensions:/System/Library/Java/Extensions:/usr/lib/java:."/>
    <property name="maven.conf" value="/usr/local/Cellar/maven/3.5.4/libexec/conf"/>
    <property name="java.specification.name" value="Java Platform API Specification"/>
    <property name="java.class.version" value="52.0"/>
    <property name="sun.management.compiler" value="HotSpot 64-Bit Tiered Compilers"/>
    <property name="os.version" value="10.13.6"/>
    <property name="library.jansi.path" value="/usr/local/Cellar/maven/3.5.4/libexec/lib/jansi-native"/>
    <property name="http.nonProxyHosts" value="local|*.local|169.254/16|*.169.254/16"/>
    <property name="user.home" value="/Users/zno"/>
    <property name="user.timezone" value="Europe/Stockholm"/>
    <property name="java.awt.printerjob" value="sun.lwawt.macosx.CPrinterJob"/>
    <property name="java.specification.version" value="1.8"/>
    <property name="file.encoding" value="UTF-8"/>
    <property name="user.name" value="zno"/>
    <property name="java.class.path" value="/usr/local/Cellar/maven/3.5.4/libexec/boot/plexus-classworlds-2.5.2.jar"/>
    <property name="java.vm.specification.version" value="1.8"/>
    <property name="sun.arch.data.model" value="64"/>
    <property name="java.home" value="/Library/Java/JavaVirtualMachines/jdk1.8.0_45.jdk/Contents/Home/jre"/>
    <property name="sun.java.command" value="org.codehaus.plexus.classworlds.launcher.Launcher install"/>
    <property name="java.specification.vendor" value="Oracle Corporation"/>
    <property name="user.language" value="en"/>
    <property name="awt.toolkit" value="sun.lwawt.macosx.LWCToolkit"/>
    <property name="java.vm.info" value="mixed mode"/>
    <property name="java.version" value="1.8.0_45"/>
    <property name="java.ext.dirs" value="/Users/zno/Library/Java/Extensions:/Library/Java/JavaVirtualMachines/jdk1.8.0_45.jdk/Contents/Home/jre/lib/ext:/Library/Java/Extensions:/Network/Library/Java/Extensions:/System/Library/Java/Extensions:/usr/lib/java"/>
    <property name="sun.boot.class.path" value="/Library/Java/JavaVirtualMachines/jdk1.8.0_45.jdk/Contents/Home/jre/lib/resources.jar:/Library/Java/JavaVirtualMachines/jdk1.8.0_45.jdk/Contents/Home/jre/lib/rt.jar:/Library/Java/JavaVirtualMachines/jdk1.8.0_45.jdk/Contents/Home/jre/lib/sunrsasign.jar:/Library/Java/JavaVirtualMachines/jdk1.8.0_45.jdk/Contents/Home/jre/lib/jsse.jar:/Library/Java/JavaVirtualMachines/jdk1.8.0_45.jdk/Contents/Home/jre/lib/jce.jar:/Library/Java/JavaVirtualMachines/jdk1.8.0_45.jdk/Contents/Home/jre/lib/charsets.jar:/Library/Java/JavaVirtualMachines/jdk1.8.0_45.jdk/Contents/Home/jre/lib/jfr.jar:/Library/Java/JavaVirtualMachines/jdk1.8.0_45.jdk/Contents/Home/jre/classes"/>
    <property name="java.vendor" value="Oracle Corporation"/>
    <property name="maven.home" value="/usr/local/Cellar/maven/3.5.4/libexec"/>
    <property name="file.separator" value="/"/>
    <property name="java.vendor.url.bug" value="http://bugreport.sun.com/bugreport/"/>
    <property name="sun.cpu.endian" value="little"/>
    <property name="sun.io.unicode.encoding" value="UnicodeBig"/>
    <property name="sun.font.fontmanager" value="sun.font.CFontManager"/>
    <property name="socksNonProxyHosts" value="local|*.local|169.254/16|*.169.254/16"/>
    <property name="ftp.nonProxyHosts" value="local|*.local|169.254/16|*.169.254/16"/>
    <property name="sun.cpu.isalist" value=""/>
  </properties>
  <testcase name="testOne[Go:UnicodeNegatedSMPSetIncludesBMPCodePoints]" classname="org.antlr.v4.test.runtime.go.TestSets" time="0.741"/>
  <testcase name="testOne[Go:UnicodeNegatedBMPSetIncludesSMPCodePoints]" classname="org.antlr.v4.test.runtime.go.TestSets" time="0.777"/>
  <testcase name="testOne[Go:UnicodeEscapedSMPRangeSetMismatch]" classname="org.antlr.v4.test.runtime.go.TestSets" time="0.73"/>
  <testcase name="testOne[Go:UnicodeEscapedSMPRangeSet]" classname="org.antlr.v4.test.runtime.go.TestSets" time="0.725"/>
  <testcase name="testOne[Go:UnicodeEscapedSMPSet]" classname="org.antlr.v4.test.runtime.go.TestSets" time="0.717"/>
  <testcase name="testOne[Go:UnicodeEscapedBMPRangeSet]" classname="org.antlr.v4.test.runtime.go.TestSets" time="0.721"/>
  <testcase name="testOne[Go:UnicodeEscapedBMPSet]" classname="org.antlr.v4.test.runtime.go.TestSets" time="0.742"/>
  <testcase name="testOne[Go:UnicodeUnescapedBMPRangeSet]" classname="org.antlr.v4.test.runtime.go.TestSets" time="0.759"/>
  <testcase name="testOne[Go:UnicodeUnescapedBMPSet]" classname="org.antlr.v4.test.runtime.go.TestSets" time="0.725"/>
  <testcase name="testOne[Go:StarSet]" classname="org.antlr.v4.test.runtime.go.TestSets" time="0.752"/>
  <testcase name="testOne[Go:StarLexerSingleElement_2]" classname="org.antlr.v4.test.runtime.go.TestSets" time="0.748"/>
  <testcase name="testOne[Go:StarLexerSingleElement_1]" classname="org.antlr.v4.test.runtime.go.TestSets" time="0.711"/>
  <testcase name="testOne[Go:SeqDoesNotBecomeSet]" classname="org.antlr.v4.test.runtime.go.TestSets" time="0.711"/>
  <testcase name="testOne[Go:RuleAsSet]" classname="org.antlr.v4.test.runtime.go.TestSets" time="0.715"/>
  <testcase name="testOne[Go:PlusSet]" classname="org.antlr.v4.test.runtime.go.TestSets" time="0.711"/>
  <testcase name="testOne[Go:PlusLexerSingleElement]" classname="org.antlr.v4.test.runtime.go.TestSets" time="0.743"/>
  <testcase name="testOne[Go:ParserSet]" classname="org.antlr.v4.test.runtime.go.TestSets" time="0.736"/>
  <testcase name="testOne[Go:ParserNotTokenWithLabel]" classname="org.antlr.v4.test.runtime.go.TestSets" time="0.715"/>
  <testcase name="testOne[Go:ParserNotToken]" classname="org.antlr.v4.test.runtime.go.TestSets" time="0.715"/>
  <testcase name="testOne[Go:ParserNotSet]" classname="org.antlr.v4.test.runtime.go.TestSets" time="0.724"/>
  <testcase name="testOne[Go:OptionalSingleElement]" classname="org.antlr.v4.test.runtime.go.TestSets" time="0.734"/>
  <testcase name="testOne[Go:OptionalSet]" classname="org.antlr.v4.test.runtime.go.TestSets" time="0.748"/>
  <testcase name="testOne[Go:OptionalLexerSingleElement]" classname="org.antlr.v4.test.runtime.go.TestSets" time="0.751"/>
  <testcase name="testOne[Go:NotCharSetWithRuleRef3]" classname="org.antlr.v4.test.runtime.go.TestSets" time="0.765"/>
  <testcase name="testOne[Go:NotCharSetWithLabel]" classname="org.antlr.v4.test.runtime.go.TestSets" time="0.734"/>
  <testcase name="testOne[Go:NotCharSet]" classname="org.antlr.v4.test.runtime.go.TestSets" time="0.752"/>
  <testcase name="testOne[Go:NotChar]" classname="org.antlr.v4.test.runtime.go.TestSets" time="0.759"/>
  <testcase name="testOne[Go:LexerStarSet]" classname="org.antlr.v4.test.runtime.go.TestSets" time="0.763"/>
  <testcase name="testOne[Go:LexerPlusSet]" classname="org.antlr.v4.test.runtime.go.TestSets" time="0.742"/>
  <testcase name="testOne[Go:LexerOptionalSet]" classname="org.antlr.v4.test.runtime.go.TestSets" time="0.724"/>
  <testcase name="testOne[Go:ComplementSet]" classname="org.antlr.v4.test.runtime.go.TestSets" time="0.726"/>
  <testcase name="testOne[Go:CharSetLiteral]" classname="org.antlr.v4.test.runtime.go.TestSets" time="0.737"/>
</testsuite>